# JRE version: OpenJDK Runtime Environment Temurin-11.0.12+7 (11.0.12+7) (build 11.0.12+7)
# Java VM: OpenJDK 64-Bit Server VM Temurin-11.0.12+7 (11.0.12+7, mixed mode, tiered, compressed oops, g1 gc, linux-amd64)
Heap:
 garbage-first heap   total 96256K, used 39764K [0x00000000c0000000, 0x0000000100000000)
  region size 1024K, 14 young (14336K), 5 survivors (5120K)
 Metaspace       used 48677K, capacity 52498K, committed 52860K, reserved 1095680K
  class space    used 5628K, capacity 7000K, committed 7116K, reserved 1048576K
GC Heap History (20 events):
Event: 0,288 GC heap before
{Heap before GC invocations=0 (full 0):
 garbage-first heap   total 65536K, used 23552K [0x00000000c0000000, 0x0000000100000000)
  region size 1024K, 24 young (24576K), 0 survivors (0K)
 Metaspace       used 11485K, capacity 11679K, committed 12032K, reserved 1060864K
  class space    used 1133K, capacity 1188K, committed 1280K, reserved 1048576K
}
Event: 0,294 GC heap after
{Heap after GC invocations=1 (full 0):
 garbage-first heap   total 65536K, used 6751K [0x00000000c0000000, 0x0000000100000000)
  region size 1024K, 3 young (3072K), 3 survivors (3072K)
 Metaspace       used 11485K, capacity 11679K, committed 12032K, reserved 1060864K
  class space    used 1133K, capacity 1188K, committed 1280K, reserved 1048576K
}
Event: 0,321 GC heap before
{Heap before GC invocations=1 (full 0):
 garbage-first heap   total 65536K, used 9823K [0x00000000c0000000, 0x0000000100000000)
  region size 1024K, 6 young (6144K), 3 survivors (3072K)
 Metaspace       used 12333K, capacity 12483K, committed 12800K, reserved 1060864K
  class space    used 1214K, capacity 1263K, committed 1280K, reserved 1048576K
}
Event: 0,324 GC heap after
{Heap after GC invocations=2 (full 0):
 garbage-first heap   total 65536K, used 7717K [0x00000000c0000000, 0x0000000100000000)
  region size 1024K, 1 young (1024K), 1 survivors (1024K)
 Metaspace       used 12333K, capacity 12483K, committed 12800K, reserved 1060864K
  class space    used 1214K, capacity 1263K, committed 1280K, reserved 1048576K
}
Event: 0,492 GC heap before
{Heap before GC invocations=2 (full 0):
 garbage-first heap   total 65536K, used 26149K [0x00000000c0000000, 0x0000000100000000)
  region size 1024K, 19 young (19456K), 1 survivors (1024K)
 Metaspace       used 16851K, capacity 17404K, committed 17536K, reserved 1064960K
  class space    used 1698K, capacity 1904K, committed 1920K, reserved 1048576K
}
Event: 0,494 GC heap after
{Heap after GC invocations=3 (full 0):
 garbage-first heap   total 65536K, used 11073K [0x00000000c0000000, 0x0000000100000000)
  region size 1024K, 3 young (3072K), 3 survivors (3072K)
 Metaspace       used 16851K, capacity 17404K, committed 17536K, reserved 1064960K
  class space    used 1698K, capacity 1904K, committed 1920K, reserved 1048576K
}
Event: 0,584 GC heap before
{Heap before GC invocations=3 (full 0):
 garbage-first heap   total 65536K, used 30529K [0x00000000c0000000, 0x0000000100000000)
  region size 1024K, 23 young (23552K), 3 survivors (3072K)
 Metaspace       used 17139K, capacity 17732K, committed 17792K, reserved 1064960K
  class space    used 1700K, capacity 1906K, committed 1920K, reserved 1048576K
}
Event: 0,586 GC heap after
{Heap after GC invocations=4 (full 0):
 garbage-first heap   total 65536K, used 12993K [0x00000000c0000000, 0x0000000100000000)
  region size 1024K, 3 young (3072K), 3 survivors (3072K)
 Metaspace       used 17139K, capacity 17732K, committed 17792K, reserved 1064960K
  class space    used 1700K, capacity 1906K, committed 1920K, reserved 1048576K
}
Event: 0,677 GC heap before
{Heap before GC invocations=4 (full 0):
 garbage-first heap   total 65536K, used 34497K [0x00000000c0000000, 0x0000000100000000)
  region size 1024K, 24 young (24576K), 3 survivors (3072K)
 Metaspace       used 17325K, capacity 17928K, committed 18048K, reserved 1064960K
  class space    used 1700K, capacity 1906K, committed 1920K, reserved 1048576K
}
Event: 0,680 GC heap after
{Heap after GC invocations=5 (full 0):
 garbage-first heap   total 79872K, used 16826K [0x00000000c0000000, 0x0000000100000000)
  region size 1024K, 3 young (3072K), 3 survivors (3072K)
 Metaspace       used 17325K, capacity 17928K, committed 18048K, reserved 1064960K
  class space    used 1700K, capacity 1906K, committed 1920K, reserved 1048576K
}
Event: 0,818 GC heap before
{Heap before GC invocations=5 (full 0):
 garbage-first heap   total 79872K, used 28090K [0x00000000c0000000, 0x0000000100000000)
  region size 1024K, 16 young (16384K), 3 survivors (3072K)
 Metaspace       used 19979K, capacity 21202K, committed 21296K, reserved 1069056K
  class space    used 1981K, capacity 2408K, committed 2432K, reserved 1048576K
}
Event: 0,821 GC heap after
{Heap after GC invocations=6 (full 0):
 garbage-first heap   total 79872K, used 18719K [0x00000000c0000000, 0x0000000100000000)
  region size 1024K, 3 young (3072K), 3 survivors (3072K)
 Metaspace       used 19979K, capacity 21202K, committed 21296K, reserved 1069056K
  class space    used 1981K, capacity 2408K, committed 2432K, reserved 1048576K
}
Event: 1,043 GC heap before
{Heap before GC invocations=7 (full 0):
 garbage-first heap   total 79872K, used 42271K [0x00000000c0000000, 0x0000000100000000)
  region size 1024K, 26 young (26624K), 3 survivors (3072K)
 Metaspace       used 25030K, capacity 26974K, committed 27132K, reserved 1073152K
  class space    used 2629K, capacity 3327K, committed 3404K, reserved 1048576K
}
Event: 1,045 GC heap after
{Heap after GC invocations=8 (full 0):
 garbage-first heap   total 79872K, used 21991K [0x00000000c0000000, 0x0000000100000000)
  region size 1024K, 3 young (3072K), 3 survivors (3072K)
 Metaspace       used 25030K, capacity 26974K, committed 27132K, reserved 1073152K
  class space    used 2629K, capacity 3327K, committed 3404K, reserved 1048576K
}
Event: 1,252 GC heap before
{Heap before GC invocations=8 (full 0):
 garbage-first heap   total 79872K, used 38375K [0x00000000c0000000, 0x0000000100000000)
  region size 1024K, 21 young (21504K), 3 survivors (3072K)
 Metaspace       used 33255K, capacity 35831K, committed 35964K, reserved 1081344K
  class space    used 3663K, capacity 4539K, committed 4556K, reserved 1048576K
}
Event: 1,255 GC heap after
{Heap after GC invocations=9 (full 0):
 garbage-first heap   total 79872K, used 24254K [0x00000000c0000000, 0x0000000100000000)
  region size 1024K, 3 young (3072K), 3 survivors (3072K)
 Metaspace       used 33255K, capacity 35831K, committed 35964K, reserved 1081344K
  class space    used 3663K, capacity 4539K, committed 4556K, reserved 1048576K
}
Event: 1,673 GC heap before
{Heap before GC invocations=10 (full 0):
 garbage-first heap   total 79872K, used 49854K [0x00000000c0000000, 0x0000000100000000)
  region size 1024K, 26 young (26624K), 3 survivors (3072K)
 Metaspace       used 39657K, capacity 42909K, committed 43260K, reserved 1087488K
  class space    used 4509K, capacity 5574K, committed 5708K, reserved 1048576K
}
Event: 1,676 GC heap after
{Heap after GC invocations=11 (full 0):
 garbage-first heap   total 96256K, used 27133K [0x00000000c0000000, 0x0000000100000000)
  region size 1024K, 4 young (4096K), 4 survivors (4096K)
 Metaspace       used 39657K, capacity 42909K, committed 43260K, reserved 1087488K
  class space    used 4509K, capacity 5574K, committed 5708K, reserved 1048576K
}
Event: 2,152 GC heap before
{Heap before GC invocations=11 (full 0):
 garbage-first heap   total 96256K, used 56829K [0x00000000c0000000, 0x0000000100000000)
  region size 1024K, 34 young (34816K), 4 survivors (4096K)
 Metaspace       used 47743K, capacity 51496K, committed 51708K, reserved 1093632K
  class space    used 5517K, capacity 6865K, committed 6988K, reserved 1048576K
}
Event: 2,154 GC heap after
{Heap after GC invocations=12 (full 0):
 garbage-first heap   total 96256K, used 31572K [0x00000000c0000000, 0x0000000100000000)
  region size 1024K, 5 young (5120K), 5 survivors (5120K)
 Metaspace       used 47743K, capacity 51496K, committed 51708K, reserved 1093632K
  class space    used 5517K, capacity 6865K, committed 6988K, reserved 1048576K
}

